<?xml version="1.0" encoding="UTF-8"?>
<!-- Generated by org.testng.reporters.JUnitXMLReporter -->
<testsuite ignored="0" hostname="LTIN591070" failures="0" tests="4" name="Default test" time="25.212" errors="0" timestamp="2025-09-25T09:19:22 IST">
  <testcase classname="miniProject_sh.SearchTest" name="openBrowser" time="5.167"/>
  <testcase classname="miniProject_sh.SearchTest" name="fillSearchForm" time="14.528"/>
  <testcase classname="miniProject_sh.SearchTest" name="validateSearchResult" time="1.517"/>
  <testcase classname="miniProject_sh.SearchTest" name="retriveFlightDate" time="0.609"/>
</testsuite> <!-- Default test -->
