<?xml version="1.0" encoding="UTF-8"?>
<!-- Generated by org.testng.reporters.JUnitXMLReporter -->
<testsuite ignored="0" hostname="LTIN591070" failures="0" tests="4" name="Test" time="30.741" errors="0" timestamp="2025-10-26T20:10:10 IST">
  <testcase classname="miniProject_sh.SearchTest" name="openBrowser" time="6.487"/>
  <testcase classname="miniProject_sh.SearchTest" name="fillSearchForm" time="15.421"/>
  <testcase classname="miniProject_sh.SearchTest" name="validateSearchResult" time="2.927"/>
  <testcase classname="miniProject_sh.SearchTest" name="retriveFlightDate" time="1.4"/>
</testsuite> <!-- Test -->
