<?xml version="1.0" encoding="UTF-8"?>
<testng-results ignored="0" total="4" passed="4" failed="0" skipped="0">
  <reporter-output>
  </reporter-output>
  <suite started-at="2025-10-26T20:09:40 IST" name="Suite" finished-at="2025-10-26T20:10:10 IST" duration-ms="30741">
    <groups>
    </groups>
    <test started-at="2025-10-26T20:09:40 IST" name="Test" finished-at="2025-10-26T20:10:10 IST" duration-ms="30741">
      <class name="miniProject_sh.SearchTest">
        <test-method is-config="true" signature="setUp()[pri:0, instance:miniProject_sh.SearchTest@1fa121e2]" started-at="2025-10-26T20:09:40 IST" name="setUp" finished-at="2025-10-26T20:09:44 IST" duration-ms="3954" status="PASS">
          <reporter-output>
          </reporter-output>
        </test-method> <!-- setUp -->
        <test-method signature="openBrowser()[pri:1, instance:miniProject_sh.SearchTest@1fa121e2]" started-at="2025-10-26T20:09:44 IST" name="openBrowser" finished-at="2025-10-26T20:09:50 IST" duration-ms="6487" status="PASS">
          <reporter-output>
          </reporter-output>
        </test-method> <!-- openBrowser -->
        <test-method signature="fillSearchForm()[pri:2, instance:miniProject_sh.SearchTest@1fa121e2]" started-at="2025-10-26T20:09:50 IST" name="fillSearchForm" finished-at="2025-10-26T20:10:06 IST" duration-ms="15421" status="PASS">
          <reporter-output>
          </reporter-output>
        </test-method> <!-- fillSearchForm -->
        <test-method signature="validateSearchResult()[pri:3, instance:miniProject_sh.SearchTest@1fa121e2]" started-at="2025-10-26T20:10:06 IST" name="validateSearchResult" finished-at="2025-10-26T20:10:09 IST" duration-ms="2927" status="PASS">
          <reporter-output>
          </reporter-output>
        </test-method> <!-- validateSearchResult -->
        <test-method signature="retriveFlightDate()[pri:4, instance:miniProject_sh.SearchTest@1fa121e2]" started-at="2025-10-26T20:10:09 IST" name="retriveFlightDate" finished-at="2025-10-26T20:10:10 IST" depends-on-methods="miniProject_sh.SearchTest.validateSearchResult" duration-ms="1400" status="PASS">
          <reporter-output>
          </reporter-output>
        </test-method> <!-- retriveFlightDate -->
        <test-method is-config="true" signature="tearDown()[pri:0, instance:miniProject_sh.SearchTest@1fa121e2]" started-at="2025-10-26T20:10:10 IST" name="tearDown" finished-at="2025-10-26T20:10:10 IST" duration-ms="491" status="PASS">
          <reporter-output>
          </reporter-output>
        </test-method> <!-- tearDown -->
      </class> <!-- miniProject_sh.SearchTest -->
    </test> <!-- Test -->
  </suite> <!-- Suite -->
</testng-results>
